<?xml version="1.0" encoding="UTF-8"?>
<!-- Generated by org.testng.reporters.JUnitReportReporter -->
<testsuite skipped="0" hostname="DESKTOP-FR57AJN" name="sample1.Login" tests="1" failures="0" timestamp="2020-05-30T22:25:36 WEST" time="26.475" errors="0">
  <testcase name="logining" time="26.475" classname="sample1.Login"/>
  <system-out/>
</testsuite> <!-- sample1.Login -->
