<?xml version="1.0" encoding="UTF-8"?>
<!-- Generated by org.testng.reporters.JUnitReportReporter -->
<testsuite skipped="0" hostname="DESKTOP-FR57AJN" name="sample.CreationCompte" tests="1" failures="0" timestamp="2020-05-23T13:42:06 WET" time="22.138" errors="0">
  <testcase name="Creer" time="22.138" classname="sample.CreationCompte"/>
  <system-out/>
</testsuite> <!-- sample.CreationCompte -->
