<?xml version="1.0" encoding="UTF-8"?>
<!-- Generated by org.testng.reporters.JUnitReportReporter -->
<testsuite skipped="0" hostname="DESKTOP-FR57AJN" name="sample2.ajout" tests="1" failures="0" timestamp="2020-05-23T13:42:06 WET" time="65.339" errors="0">
  <testcase name="Adding" time="65.339" classname="sample2.ajout"/>
  <system-out/>
</testsuite> <!-- sample2.ajout -->
