<?xml version="1.0" encoding="UTF-8"?>
<!-- Generated by org.testng.reporters.JUnitReportReporter -->
<testsuite skipped="0" hostname="DESKTOP-FR57AJN" name="sample1.Login" tests="1" failures="0" timestamp="2020-05-24T00:26:05 WET" time="20.207" errors="0">
  <testcase name="logining" time="20.207" classname="sample1.Login"/>
  <system-out/>
</testsuite> <!-- sample1.Login -->
