<?xml version="1.0" encoding="UTF-8"?>
<!-- Generated by org.testng.reporters.JUnitReportReporter -->
<testsuite skipped="0" hostname="DESKTOP-FR57AJN" name="sample1.Login" tests="1" failures="0" timestamp="2020-05-26T02:22:24 WEST" time="19.772" errors="0">
  <testcase name="logining" time="19.772" classname="sample1.Login"/>
  <system-out/>
</testsuite> <!-- sample1.Login -->
