<?xml version="1.0" encoding="UTF-8"?>
<!-- Generated by org.testng.reporters.JUnitReportReporter -->
<testsuite skipped="0" hostname="DESKTOP-FR57AJN" name="sample.CreationCompte" tests="1" failures="0" timestamp="2020-05-31T15:00:06 WEST" time="22.094" errors="0">
  <testcase name="Creer" time="22.094" classname="sample.CreationCompte"/>
  <system-out/>
</testsuite> <!-- sample.CreationCompte -->
