<?xml version="1.0" encoding="UTF-8"?>
<!-- Generated by org.testng.reporters.JUnitReportReporter -->
<testsuite skipped="0" hostname="DESKTOP-FR57AJN" name="sample1.Login" tests="1" failures="0" timestamp="2020-07-05T12:56:55 WEST" time="77.948" errors="0">
  <testcase name="logining" time="77.948" classname="sample1.Login"/>
  <system-out/>
</testsuite> <!-- sample1.Login -->
