<?xml version="1.0" encoding="UTF-8"?>
<!-- Generated by org.testng.reporters.JUnitReportReporter -->
<testsuite skipped="0" hostname="DESKTOP-FR57AJN" name="sample.ajout" tests="1" failures="0" timestamp="2020-05-21T16:53:44 WET" time="49.137" errors="0">
  <testcase name="Adding" time="49.137" classname="sample.ajout"/>
  <system-out/>
</testsuite> <!-- sample.ajout -->
