<?xml version="1.0" encoding="UTF-8"?>
<!-- Generated by org.testng.reporters.JUnitReportReporter -->
<testsuite skipped="0" hostname="DESKTOP-FR57AJN" name="sample.Login" tests="1" failures="0" timestamp="2020-05-17T15:32:47 WET" time="25.165" errors="0">
  <testcase name="logining" time="25.165" classname="sample.Login"/>
  <system-out/>
</testsuite> <!-- sample.Login -->
