<?xml version="1.0" encoding="UTF-8"?>
<!-- Generated by org.testng.reporters.JUnitReportReporter -->
<testsuite skipped="0" hostname="DESKTOP-FR57AJN" name="testalten.ticket" tests="1" failures="0" timestamp="2020-06-26T01:59:11 WEST" time="21.513" errors="0">
  <testcase name="Clicking" time="21.513" classname="testalten.ticket"/>
  <system-out/>
</testsuite> <!-- testalten.ticket -->
