<?xml version="1.0" encoding="UTF-8"?>
<!-- Generated by org.testng.reporters.JUnitReportReporter -->
<testsuite skipped="0" hostname="DESKTOP-FR57AJN" name="sample2.FailedLogin" tests="1" failures="0" timestamp="2020-07-05T12:56:55 WEST" time="26.461" errors="0">
  <testcase name="logining" time="26.461" classname="sample2.FailedLogin"/>
  <system-out/>
</testsuite> <!-- sample2.FailedLogin -->
