<?xml version="1.0" encoding="UTF-8"?>
<!-- Generated by org.testng.reporters.JUnitReportReporter -->
<testsuite skipped="0" hostname="DESKTOP-FR57AJN" name="Cas.Click" tests="1" failures="0" timestamp="2020-07-05T12:56:55 WEST" time="47.248" errors="0">
  <testcase name="Clicking" time="47.248" classname="Cas.Click"/>
  <system-out/>
</testsuite> <!-- Cas.Click -->
