<?xml version="1.0" encoding="UTF-8"?>
<!-- Generated by org.testng.reporters.JUnitReportReporter -->
<testsuite skipped="0" hostname="DESKTOP-FR57AJN" name="testalten.ticket" tests="1" failures="0" timestamp="2020-06-26T10:20:17 WEST" time="12.906" errors="0">
  <testcase name="Clicking" time="12.906" classname="testalten.ticket"/>
  <system-out/>
</testsuite> <!-- testalten.ticket -->
